2024-05-16 10:26:17 [main] INFO  c.e.ProsePetal.ProsePetalApplication - Starting ProsePetalApplication using Java 21.0.1 with PID 27959 (/home/ankitaagrawal12/SPE/SPE Major Project/BACKEND/ProsePetal/target/classes started by ankitaagrawal12 in /home/ankitaagrawal12/SPE/SPE Major Project/BACKEND)
2024-05-16 10:26:17 [main] INFO  c.e.ProsePetal.ProsePetalApplication - No active profile set, falling back to 1 default profile: "default"
2024-05-16 10:26:17 [main] INFO  o.s.d.r.c.RepositoryConfigurationDelegate - Bootstrapping Spring Data JPA repositories in DEFAULT mode.
2024-05-16 10:26:17 [main] INFO  o.s.d.r.c.RepositoryConfigurationDelegate - Finished Spring Data repository scanning in 32 ms. Found 2 JPA repository interfaces.
2024-05-16 10:26:18 [main] INFO  o.s.b.w.e.tomcat.TomcatWebServer - Tomcat initialized with port 9595 (http)
2024-05-16 10:26:18 [main] INFO  o.a.catalina.core.StandardService - Starting service [Tomcat]
2024-05-16 10:26:18 [main] INFO  o.a.catalina.core.StandardEngine - Starting Servlet engine: [Apache Tomcat/10.1.18]
2024-05-16 10:26:18 [main] INFO  o.a.c.c.C.[Tomcat].[localhost].[/] - Initializing Spring embedded WebApplicationContext
2024-05-16 10:26:18 [main] INFO  o.s.b.w.s.c.ServletWebServerApplicationContext - Root WebApplicationContext: initialization completed in 774 ms
2024-05-16 10:26:18 [main] INFO  o.h.jpa.internal.util.LogHelper - HHH000204: Processing PersistenceUnitInfo [name: default]
2024-05-16 10:26:18 [main] INFO  org.hibernate.Version - HHH000412: Hibernate ORM core version 6.4.1.Final
2024-05-16 10:26:18 [main] INFO  o.h.c.i.RegionFactoryInitiator - HHH000026: Second-level cache disabled
2024-05-16 10:26:18 [main] INFO  o.s.o.j.p.SpringPersistenceUnitInfo - No LoadTimeWeaver setup: ignoring JPA class transformer
2024-05-16 10:26:18 [main] INFO  com.zaxxer.hikari.HikariDataSource - HikariPool-1 - Starting...
2024-05-16 10:26:18 [main] INFO  com.zaxxer.hikari.pool.HikariPool - HikariPool-1 - Added connection com.mysql.cj.jdbc.ConnectionImpl@3cf4dec7
2024-05-16 10:26:18 [main] INFO  com.zaxxer.hikari.HikariDataSource - HikariPool-1 - Start completed.
2024-05-16 10:26:18 [main] WARN  org.hibernate.orm.deprecation - HHH90000025: MySQL8Dialect does not need to be specified explicitly using 'hibernate.dialect' (remove the property setting and it will be selected by default)
2024-05-16 10:26:18 [main] WARN  org.hibernate.orm.deprecation - HHH90000026: MySQL8Dialect has been deprecated; use org.hibernate.dialect.MySQLDialect instead
2024-05-16 10:26:19 [main] INFO  o.h.e.t.j.p.i.JtaPlatformInitiator - HHH000489: No JTA platform available (set 'hibernate.transaction.jta.platform' to enable JTA platform integration)
2024-05-16 10:26:19 [main] INFO  o.s.o.j.LocalContainerEntityManagerFactoryBean - Initialized JPA EntityManagerFactory for persistence unit 'default'
2024-05-16 10:26:19 [main] INFO  o.s.d.j.r.query.QueryEnhancerFactory - Hibernate is in classpath; If applicable, HQL parser will be used.
2024-05-16 10:26:19 [main] WARN  o.s.b.a.o.j.JpaBaseConfiguration$JpaWebConfiguration - spring.jpa.open-in-view is enabled by default. Therefore, database queries may be performed during view rendering. Explicitly configure spring.jpa.open-in-view to disable this warning
2024-05-16 10:26:19 [main] INFO  o.s.s.web.DefaultSecurityFilterChain - Will secure any request with [org.springframework.security.web.session.DisableEncodeUrlFilter@7ae5f795, org.springframework.security.web.context.request.async.WebAsyncManagerIntegrationFilter@2787abe4, org.springframework.security.web.context.SecurityContextHolderFilter@5b9aac82, org.springframework.security.web.header.HeaderWriterFilter@2d73aa17, org.springframework.web.filter.CorsFilter@3e94a6f6, org.springframework.security.web.authentication.logout.LogoutFilter@26acbc9d, com.example.ProsePetal.Config.JwtAuthenticationFilter@1cd4082a, org.springframework.security.web.savedrequest.RequestCacheAwareFilter@2b1818d1, org.springframework.security.web.servletapi.SecurityContextHolderAwareRequestFilter@1f748d43, org.springframework.security.web.authentication.AnonymousAuthenticationFilter@41ff98dc, org.springframework.security.web.session.SessionManagementFilter@69780093, org.springframework.security.web.access.ExceptionTranslationFilter@363a1d8d, org.springframework.security.web.access.intercept.FilterSecurityInterceptor@4b391e45]
2024-05-16 10:26:19 [main] INFO  o.s.b.w.e.tomcat.TomcatWebServer - Tomcat started on port 9595 (http) with context path ''
2024-05-16 10:26:19 [main] INFO  c.e.ProsePetal.ProsePetalApplication - Started ProsePetalApplication in 2.887 seconds (process running for 3.328)
2024-05-16 10:30:30 [SpringApplicationShutdownHook] INFO  o.s.o.j.LocalContainerEntityManagerFactoryBean - Closing JPA EntityManagerFactory for persistence unit 'default'
2024-05-16 10:30:30 [SpringApplicationShutdownHook] INFO  com.zaxxer.hikari.HikariDataSource - HikariPool-1 - Shutdown initiated...
2024-05-16 10:30:30 [SpringApplicationShutdownHook] INFO  com.zaxxer.hikari.HikariDataSource - HikariPool-1 - Shutdown completed.
2024-05-16 10:33:17 [main] INFO  c.e.ProsePetal.ProsePetalApplication - Starting ProsePetalApplication using Java 21.0.1 with PID 30209 (/home/ankitaagrawal12/SPE/SPE Major Project/BACKEND/ProsePetal/target/classes started by ankitaagrawal12 in /home/ankitaagrawal12/SPE/SPE Major Project/BACKEND)
2024-05-16 10:33:17 [main] INFO  c.e.ProsePetal.ProsePetalApplication - No active profile set, falling back to 1 default profile: "default"
2024-05-16 10:33:21 [main] INFO  o.s.d.r.c.RepositoryConfigurationDelegate - Bootstrapping Spring Data JPA repositories in DEFAULT mode.
2024-05-16 10:33:22 [main] INFO  o.s.d.r.c.RepositoryConfigurationDelegate - Finished Spring Data repository scanning in 139 ms. Found 2 JPA repository interfaces.
2024-05-16 10:33:24 [main] INFO  o.s.b.w.e.tomcat.TomcatWebServer - Tomcat initialized with port 9595 (http)
2024-05-16 10:33:24 [main] INFO  o.a.catalina.core.StandardService - Starting service [Tomcat]
2024-05-16 10:33:24 [main] INFO  o.a.catalina.core.StandardEngine - Starting Servlet engine: [Apache Tomcat/10.1.18]
2024-05-16 10:33:24 [main] INFO  o.a.c.c.C.[Tomcat].[localhost].[/] - Initializing Spring embedded WebApplicationContext
2024-05-16 10:33:24 [main] INFO  o.s.b.w.s.c.ServletWebServerApplicationContext - Root WebApplicationContext: initialization completed in 7211 ms
2024-05-16 10:33:25 [main] INFO  o.h.jpa.internal.util.LogHelper - HHH000204: Processing PersistenceUnitInfo [name: default]
2024-05-16 10:33:25 [main] INFO  org.hibernate.Version - HHH000412: Hibernate ORM core version 6.4.1.Final
2024-05-16 10:33:25 [main] INFO  o.h.c.i.RegionFactoryInitiator - HHH000026: Second-level cache disabled
2024-05-16 10:33:26 [main] INFO  o.s.o.j.p.SpringPersistenceUnitInfo - No LoadTimeWeaver setup: ignoring JPA class transformer
2024-05-16 10:33:26 [main] INFO  com.zaxxer.hikari.HikariDataSource - HikariPool-1 - Starting...
2024-05-16 10:33:28 [main] INFO  com.zaxxer.hikari.pool.HikariPool - HikariPool-1 - Added connection com.mysql.cj.jdbc.ConnectionImpl@305aaedf
2024-05-16 10:33:28 [main] INFO  com.zaxxer.hikari.HikariDataSource - HikariPool-1 - Start completed.
2024-05-16 10:33:28 [main] WARN  org.hibernate.orm.deprecation - HHH90000025: MySQL8Dialect does not need to be specified explicitly using 'hibernate.dialect' (remove the property setting and it will be selected by default)
2024-05-16 10:33:28 [main] WARN  org.hibernate.orm.deprecation - HHH90000026: MySQL8Dialect has been deprecated; use org.hibernate.dialect.MySQLDialect instead
2024-05-16 10:33:30 [main] INFO  o.h.e.t.j.p.i.JtaPlatformInitiator - HHH000489: No JTA platform available (set 'hibernate.transaction.jta.platform' to enable JTA platform integration)
2024-05-16 10:33:30 [main] INFO  o.s.o.j.LocalContainerEntityManagerFactoryBean - Initialized JPA EntityManagerFactory for persistence unit 'default'
2024-05-16 10:33:30 [main] INFO  o.s.d.j.r.query.QueryEnhancerFactory - Hibernate is in classpath; If applicable, HQL parser will be used.
2024-05-16 10:33:32 [main] WARN  o.s.b.a.o.j.JpaBaseConfiguration$JpaWebConfiguration - spring.jpa.open-in-view is enabled by default. Therefore, database queries may be performed during view rendering. Explicitly configure spring.jpa.open-in-view to disable this warning
2024-05-16 10:33:33 [main] INFO  o.s.s.web.DefaultSecurityFilterChain - Will secure any request with [org.springframework.security.web.session.DisableEncodeUrlFilter@3f4b59fd, org.springframework.security.web.context.request.async.WebAsyncManagerIntegrationFilter@22599048, org.springframework.security.web.context.SecurityContextHolderFilter@14ca4b4d, org.springframework.security.web.header.HeaderWriterFilter@260af8f7, org.springframework.web.filter.CorsFilter@435a13ac, org.springframework.security.web.authentication.logout.LogoutFilter@58192546, com.example.ProsePetal.Config.JwtAuthenticationFilter@525aadf2, org.springframework.security.web.savedrequest.RequestCacheAwareFilter@1201c2f6, org.springframework.security.web.servletapi.SecurityContextHolderAwareRequestFilter@cbf9cc1, org.springframework.security.web.authentication.AnonymousAuthenticationFilter@38007ead, org.springframework.security.web.session.SessionManagementFilter@7e9b68c5, org.springframework.security.web.access.ExceptionTranslationFilter@5fe08, org.springframework.security.web.access.intercept.FilterSecurityInterceptor@eb1d7c8]
2024-05-16 10:33:33 [main] INFO  o.s.b.w.e.tomcat.TomcatWebServer - Tomcat started on port 9595 (http) with context path ''
2024-05-16 10:33:33 [main] INFO  c.e.ProsePetal.ProsePetalApplication - Started ProsePetalApplication in 17.963 seconds (process running for 93.743)
2024-05-16 10:36:02 [http-nio-9595-exec-1] INFO  o.a.c.c.C.[Tomcat].[localhost].[/] - Initializing Spring DispatcherServlet 'dispatcherServlet'
2024-05-16 10:36:02 [http-nio-9595-exec-1] INFO  o.s.web.servlet.DispatcherServlet - Initializing Servlet 'dispatcherServlet'
2024-05-16 10:36:02 [http-nio-9595-exec-1] INFO  o.s.web.servlet.DispatcherServlet - Completed initialization in 1 ms
2024-05-16 10:37:55 [SpringApplicationShutdownHook] INFO  o.s.o.j.LocalContainerEntityManagerFactoryBean - Closing JPA EntityManagerFactory for persistence unit 'default'
2024-05-16 10:37:55 [SpringApplicationShutdownHook] INFO  com.zaxxer.hikari.HikariDataSource - HikariPool-1 - Shutdown initiated...
2024-05-16 10:37:55 [SpringApplicationShutdownHook] INFO  com.zaxxer.hikari.HikariDataSource - HikariPool-1 - Shutdown completed.
2024-05-16 10:38:28 [main] INFO  c.e.ProsePetal.ProsePetalApplication - Starting ProsePetalApplication using Java 21.0.1 with PID 31294 (/home/ankitaagrawal12/SPE/SPE Major Project/BACKEND/ProsePetal/target/classes started by ankitaagrawal12 in /home/ankitaagrawal12/SPE/SPE Major Project/BACKEND)
2024-05-16 10:38:28 [main] INFO  c.e.ProsePetal.ProsePetalApplication - No active profile set, falling back to 1 default profile: "default"
2024-05-16 10:38:33 [main] INFO  o.s.d.r.c.RepositoryConfigurationDelegate - Bootstrapping Spring Data JPA repositories in DEFAULT mode.
2024-05-16 10:38:33 [main] INFO  o.s.d.r.c.RepositoryConfigurationDelegate - Finished Spring Data repository scanning in 266 ms. Found 2 JPA repository interfaces.
2024-05-16 10:38:39 [main] INFO  o.s.b.w.e.tomcat.TomcatWebServer - Tomcat initialized with port 9595 (http)
2024-05-16 10:38:39 [main] INFO  o.a.catalina.core.StandardService - Starting service [Tomcat]
2024-05-16 10:38:39 [main] INFO  o.a.catalina.core.StandardEngine - Starting Servlet engine: [Apache Tomcat/10.1.18]
2024-05-16 10:38:39 [main] INFO  o.a.c.c.C.[Tomcat].[localhost].[/] - Initializing Spring embedded WebApplicationContext
2024-05-16 10:38:39 [main] INFO  o.s.b.w.s.c.ServletWebServerApplicationContext - Root WebApplicationContext: initialization completed in 11145 ms
2024-05-16 10:38:40 [main] INFO  o.h.jpa.internal.util.LogHelper - HHH000204: Processing PersistenceUnitInfo [name: default]
2024-05-16 10:38:40 [main] INFO  org.hibernate.Version - HHH000412: Hibernate ORM core version 6.4.1.Final
2024-05-16 10:38:40 [main] INFO  o.h.c.i.RegionFactoryInitiator - HHH000026: Second-level cache disabled
2024-05-16 10:38:41 [main] INFO  o.s.o.j.p.SpringPersistenceUnitInfo - No LoadTimeWeaver setup: ignoring JPA class transformer
2024-05-16 10:38:41 [main] INFO  com.zaxxer.hikari.HikariDataSource - HikariPool-1 - Starting...
2024-05-16 10:38:42 [main] INFO  com.zaxxer.hikari.pool.HikariPool - HikariPool-1 - Added connection com.mysql.cj.jdbc.ConnectionImpl@31693a86
2024-05-16 10:38:42 [main] INFO  com.zaxxer.hikari.HikariDataSource - HikariPool-1 - Start completed.
2024-05-16 10:38:42 [main] WARN  org.hibernate.orm.deprecation - HHH90000025: MySQL8Dialect does not need to be specified explicitly using 'hibernate.dialect' (remove the property setting and it will be selected by default)
2024-05-16 10:38:42 [main] WARN  org.hibernate.orm.deprecation - HHH90000026: MySQL8Dialect has been deprecated; use org.hibernate.dialect.MySQLDialect instead
2024-05-16 10:38:44 [main] INFO  o.h.e.t.j.p.i.JtaPlatformInitiator - HHH000489: No JTA platform available (set 'hibernate.transaction.jta.platform' to enable JTA platform integration)
2024-05-16 10:38:44 [main] INFO  o.s.o.j.LocalContainerEntityManagerFactoryBean - Initialized JPA EntityManagerFactory for persistence unit 'default'
2024-05-16 10:38:45 [main] INFO  o.s.d.j.r.query.QueryEnhancerFactory - Hibernate is in classpath; If applicable, HQL parser will be used.
2024-05-16 10:38:48 [main] WARN  o.s.b.a.o.j.JpaBaseConfiguration$JpaWebConfiguration - spring.jpa.open-in-view is enabled by default. Therefore, database queries may be performed during view rendering. Explicitly configure spring.jpa.open-in-view to disable this warning
2024-05-16 10:38:50 [main] INFO  o.s.s.web.DefaultSecurityFilterChain - Will secure any request with [org.springframework.security.web.session.DisableEncodeUrlFilter@7a68818c, org.springframework.security.web.context.request.async.WebAsyncManagerIntegrationFilter@11034fdb, org.springframework.security.web.context.SecurityContextHolderFilter@4dea763c, org.springframework.security.web.header.HeaderWriterFilter@72cf43fa, org.springframework.web.filter.CorsFilter@276ae21c, org.springframework.security.web.authentication.logout.LogoutFilter@7ce58c1c, com.example.ProsePetal.Config.JwtAuthenticationFilter@71ad1d0b, org.springframework.security.web.savedrequest.RequestCacheAwareFilter@111ae918, org.springframework.security.web.servletapi.SecurityContextHolderAwareRequestFilter@41fdb59c, org.springframework.security.web.authentication.AnonymousAuthenticationFilter@1a524c6b, org.springframework.security.web.session.SessionManagementFilter@17d5138, org.springframework.security.web.access.ExceptionTranslationFilter@7c590039, org.springframework.security.web.access.intercept.FilterSecurityInterceptor@5de15ce1]
2024-05-16 10:38:51 [main] INFO  o.s.b.w.e.tomcat.TomcatWebServer - Tomcat started on port 9595 (http) with context path ''
2024-05-16 10:38:51 [main] INFO  c.e.ProsePetal.ProsePetalApplication - Started ProsePetalApplication in 27.934 seconds (process running for 46.43)
2024-05-16 10:39:05 [http-nio-9595-exec-1] INFO  o.a.c.c.C.[Tomcat].[localhost].[/] - Initializing Spring DispatcherServlet 'dispatcherServlet'
2024-05-16 10:39:05 [http-nio-9595-exec-1] INFO  o.s.web.servlet.DispatcherServlet - Initializing Servlet 'dispatcherServlet'
2024-05-16 10:39:05 [http-nio-9595-exec-1] INFO  o.s.web.servlet.DispatcherServlet - Completed initialization in 1 ms
2024-05-16 10:41:18 [SpringApplicationShutdownHook] INFO  o.s.o.j.LocalContainerEntityManagerFactoryBean - Closing JPA EntityManagerFactory for persistence unit 'default'
2024-05-16 10:41:19 [SpringApplicationShutdownHook] INFO  com.zaxxer.hikari.HikariDataSource - HikariPool-1 - Shutdown initiated...
2024-05-16 10:41:19 [SpringApplicationShutdownHook] INFO  com.zaxxer.hikari.HikariDataSource - HikariPool-1 - Shutdown completed.
2024-05-16 10:41:34 [main] INFO  c.e.ProsePetal.ProsePetalApplication - Starting ProsePetalApplication using Java 21.0.1 with PID 31671 (/home/ankitaagrawal12/SPE/SPE Major Project/BACKEND/ProsePetal/target/classes started by ankitaagrawal12 in /home/ankitaagrawal12/SPE/SPE Major Project/BACKEND)
2024-05-16 10:41:34 [main] INFO  c.e.ProsePetal.ProsePetalApplication - No active profile set, falling back to 1 default profile: "default"
2024-05-16 10:41:37 [main] INFO  o.s.d.r.c.RepositoryConfigurationDelegate - Bootstrapping Spring Data JPA repositories in DEFAULT mode.
2024-05-16 10:41:38 [main] INFO  o.s.d.r.c.RepositoryConfigurationDelegate - Finished Spring Data repository scanning in 41 ms. Found 2 JPA repository interfaces.
2024-05-16 10:41:38 [main] INFO  o.s.b.w.e.tomcat.TomcatWebServer - Tomcat initialized with port 9595 (http)
2024-05-16 10:41:38 [main] INFO  o.a.catalina.core.StandardService - Starting service [Tomcat]
2024-05-16 10:41:38 [main] INFO  o.a.catalina.core.StandardEngine - Starting Servlet engine: [Apache Tomcat/10.1.18]
2024-05-16 10:41:38 [main] INFO  o.a.c.c.C.[Tomcat].[localhost].[/] - Initializing Spring embedded WebApplicationContext
2024-05-16 10:41:38 [main] INFO  o.s.b.w.s.c.ServletWebServerApplicationContext - Root WebApplicationContext: initialization completed in 3716 ms
2024-05-16 10:41:39 [main] INFO  o.h.jpa.internal.util.LogHelper - HHH000204: Processing PersistenceUnitInfo [name: default]
2024-05-16 10:41:39 [main] INFO  org.hibernate.Version - HHH000412: Hibernate ORM core version 6.4.1.Final
2024-05-16 10:41:39 [main] INFO  o.h.c.i.RegionFactoryInitiator - HHH000026: Second-level cache disabled
2024-05-16 10:41:39 [main] INFO  o.s.o.j.p.SpringPersistenceUnitInfo - No LoadTimeWeaver setup: ignoring JPA class transformer
2024-05-16 10:41:39 [main] INFO  com.zaxxer.hikari.HikariDataSource - HikariPool-1 - Starting...
2024-05-16 10:41:40 [main] INFO  com.zaxxer.hikari.pool.HikariPool - HikariPool-1 - Added connection com.mysql.cj.jdbc.ConnectionImpl@4de91056
2024-05-16 10:41:40 [main] INFO  com.zaxxer.hikari.HikariDataSource - HikariPool-1 - Start completed.
2024-05-16 10:41:40 [main] WARN  org.hibernate.orm.deprecation - HHH90000025: MySQL8Dialect does not need to be specified explicitly using 'hibernate.dialect' (remove the property setting and it will be selected by default)
2024-05-16 10:41:40 [main] WARN  org.hibernate.orm.deprecation - HHH90000026: MySQL8Dialect has been deprecated; use org.hibernate.dialect.MySQLDialect instead
2024-05-16 10:41:41 [main] INFO  o.h.e.t.j.p.i.JtaPlatformInitiator - HHH000489: No JTA platform available (set 'hibernate.transaction.jta.platform' to enable JTA platform integration)
2024-05-16 10:41:41 [main] INFO  o.s.o.j.LocalContainerEntityManagerFactoryBean - Initialized JPA EntityManagerFactory for persistence unit 'default'
2024-05-16 10:41:41 [main] INFO  o.s.d.j.r.query.QueryEnhancerFactory - Hibernate is in classpath; If applicable, HQL parser will be used.
2024-05-16 10:41:42 [main] WARN  o.s.b.a.o.j.JpaBaseConfiguration$JpaWebConfiguration - spring.jpa.open-in-view is enabled by default. Therefore, database queries may be performed during view rendering. Explicitly configure spring.jpa.open-in-view to disable this warning
2024-05-16 10:41:42 [main] INFO  o.s.s.web.DefaultSecurityFilterChain - Will secure any request with [org.springframework.security.web.session.DisableEncodeUrlFilter@1bce19db, org.springframework.security.web.context.request.async.WebAsyncManagerIntegrationFilter@4c1f4817, org.springframework.security.web.context.SecurityContextHolderFilter@17d5138, org.springframework.security.web.header.HeaderWriterFilter@451393a9, org.springframework.web.filter.CorsFilter@5d3c0735, org.springframework.security.web.authentication.logout.LogoutFilter@66859669, com.example.ProsePetal.Config.JwtAuthenticationFilter@59456e1, org.springframework.security.web.savedrequest.RequestCacheAwareFilter@18f919ce, org.springframework.security.web.servletapi.SecurityContextHolderAwareRequestFilter@4dea763c, org.springframework.security.web.authentication.AnonymousAuthenticationFilter@7a68818c, org.springframework.security.web.session.SessionManagementFilter@4ae93e38, org.springframework.security.web.access.ExceptionTranslationFilter@781befe7, org.springframework.security.web.access.intercept.FilterSecurityInterceptor@22599048]
2024-05-16 10:41:43 [main] INFO  o.s.b.w.e.tomcat.TomcatWebServer - Tomcat started on port 9595 (http) with context path ''
2024-05-16 10:41:43 [main] INFO  c.e.ProsePetal.ProsePetalApplication - Started ProsePetalApplication in 9.473 seconds (process running for 18.076)
2024-05-16 10:43:56 [SpringApplicationShutdownHook] INFO  o.s.o.j.LocalContainerEntityManagerFactoryBean - Closing JPA EntityManagerFactory for persistence unit 'default'
2024-05-16 10:43:57 [SpringApplicationShutdownHook] INFO  com.zaxxer.hikari.HikariDataSource - HikariPool-1 - Shutdown initiated...
2024-05-16 10:43:57 [SpringApplicationShutdownHook] INFO  com.zaxxer.hikari.HikariDataSource - HikariPool-1 - Shutdown completed.
2024-05-16 10:44:19 [main] INFO  c.e.ProsePetal.ProsePetalApplication - Starting ProsePetalApplication using Java 21.0.1 with PID 31930 (/home/ankitaagrawal12/SPE/SPE Major Project/BACKEND/ProsePetal/target/classes started by ankitaagrawal12 in /home/ankitaagrawal12/SPE/SPE Major Project/BACKEND)
2024-05-16 10:44:19 [main] INFO  c.e.ProsePetal.ProsePetalApplication - No active profile set, falling back to 1 default profile: "default"
2024-05-16 10:44:22 [main] INFO  o.s.d.r.c.RepositoryConfigurationDelegate - Bootstrapping Spring Data JPA repositories in DEFAULT mode.
2024-05-16 10:44:22 [main] INFO  o.s.d.r.c.RepositoryConfigurationDelegate - Finished Spring Data repository scanning in 35 ms. Found 2 JPA repository interfaces.
2024-05-16 10:44:23 [main] INFO  o.s.b.w.e.tomcat.TomcatWebServer - Tomcat initialized with port 9595 (http)
2024-05-16 10:44:23 [main] INFO  o.a.catalina.core.StandardService - Starting service [Tomcat]
2024-05-16 10:44:23 [main] INFO  o.a.catalina.core.StandardEngine - Starting Servlet engine: [Apache Tomcat/10.1.18]
2024-05-16 10:44:23 [main] INFO  o.a.c.c.C.[Tomcat].[localhost].[/] - Initializing Spring embedded WebApplicationContext
2024-05-16 10:44:23 [main] INFO  o.s.b.w.s.c.ServletWebServerApplicationContext - Root WebApplicationContext: initialization completed in 3131 ms
2024-05-16 10:44:23 [main] INFO  o.h.jpa.internal.util.LogHelper - HHH000204: Processing PersistenceUnitInfo [name: default]
2024-05-16 10:44:23 [main] INFO  org.hibernate.Version - HHH000412: Hibernate ORM core version 6.4.1.Final
2024-05-16 10:44:23 [main] INFO  o.h.c.i.RegionFactoryInitiator - HHH000026: Second-level cache disabled
2024-05-16 10:44:24 [main] INFO  o.s.o.j.p.SpringPersistenceUnitInfo - No LoadTimeWeaver setup: ignoring JPA class transformer
2024-05-16 10:44:24 [main] INFO  com.zaxxer.hikari.HikariDataSource - HikariPool-1 - Starting...
2024-05-16 10:44:25 [main] INFO  com.zaxxer.hikari.pool.HikariPool - HikariPool-1 - Added connection com.mysql.cj.jdbc.ConnectionImpl@7ff6804a
2024-05-16 10:44:25 [main] INFO  com.zaxxer.hikari.HikariDataSource - HikariPool-1 - Start completed.
2024-05-16 10:44:25 [main] WARN  org.hibernate.orm.deprecation - HHH90000025: MySQL8Dialect does not need to be specified explicitly using 'hibernate.dialect' (remove the property setting and it will be selected by default)
2024-05-16 10:44:25 [main] WARN  org.hibernate.orm.deprecation - HHH90000026: MySQL8Dialect has been deprecated; use org.hibernate.dialect.MySQLDialect instead
2024-05-16 10:44:26 [main] INFO  o.h.e.t.j.p.i.JtaPlatformInitiator - HHH000489: No JTA platform available (set 'hibernate.transaction.jta.platform' to enable JTA platform integration)
2024-05-16 10:44:26 [main] INFO  o.s.o.j.LocalContainerEntityManagerFactoryBean - Initialized JPA EntityManagerFactory for persistence unit 'default'
2024-05-16 10:44:26 [main] INFO  o.s.d.j.r.query.QueryEnhancerFactory - Hibernate is in classpath; If applicable, HQL parser will be used.
2024-05-16 10:44:27 [main] WARN  o.s.b.a.o.j.JpaBaseConfiguration$JpaWebConfiguration - spring.jpa.open-in-view is enabled by default. Therefore, database queries may be performed during view rendering. Explicitly configure spring.jpa.open-in-view to disable this warning
2024-05-16 10:44:27 [main] INFO  o.s.s.web.DefaultSecurityFilterChain - Will secure any request with [org.springframework.security.web.session.DisableEncodeUrlFilter@57cd77e1, org.springframework.security.web.context.request.async.WebAsyncManagerIntegrationFilter@35f59dfe, org.springframework.security.web.context.SecurityContextHolderFilter@3bfbe2a6, org.springframework.security.web.header.HeaderWriterFilter@7e9b68c5, org.springframework.web.filter.CorsFilter@6b71fded, org.springframework.security.web.authentication.logout.LogoutFilter@5b1ebbe, com.example.ProsePetal.Config.JwtAuthenticationFilter@5687e92d, org.springframework.security.web.savedrequest.RequestCacheAwareFilter@62243a7a, org.springframework.security.web.servletapi.SecurityContextHolderAwareRequestFilter@42a698bd, org.springframework.security.web.authentication.AnonymousAuthenticationFilter@1633962a, org.springframework.security.web.session.SessionManagementFilter@5f386009, org.springframework.security.web.access.ExceptionTranslationFilter@72e9c0a0, org.springframework.security.web.access.intercept.FilterSecurityInterceptor@11034fdb]
2024-05-16 10:44:28 [main] INFO  o.s.b.w.e.tomcat.TomcatWebServer - Tomcat started on port 9595 (http) with context path ''
2024-05-16 10:44:28 [main] INFO  c.e.ProsePetal.ProsePetalApplication - Started ProsePetalApplication in 11.469 seconds (process running for 21.19)
2024-05-16 10:46:25 [SpringApplicationShutdownHook] INFO  o.s.o.j.LocalContainerEntityManagerFactoryBean - Closing JPA EntityManagerFactory for persistence unit 'default'
2024-05-16 10:46:25 [SpringApplicationShutdownHook] INFO  com.zaxxer.hikari.HikariDataSource - HikariPool-1 - Shutdown initiated...
2024-05-16 10:46:25 [SpringApplicationShutdownHook] INFO  com.zaxxer.hikari.HikariDataSource - HikariPool-1 - Shutdown completed.
2024-05-16 11:07:15 [main] INFO  c.e.ProsePetal.ProsePetalApplication - Starting ProsePetalApplication using Java 21.0.1 with PID 38201 (/home/ankitaagrawal12/SPE/SPE Major Project/BACKEND/ProsePetal/target/classes started by ankitaagrawal12 in /home/ankitaagrawal12/SPE/SPE Major Project/BACKEND)
2024-05-16 11:07:15 [main] INFO  c.e.ProsePetal.ProsePetalApplication - No active profile set, falling back to 1 default profile: "default"
2024-05-16 11:07:18 [main] INFO  o.s.d.r.c.RepositoryConfigurationDelegate - Bootstrapping Spring Data JPA repositories in DEFAULT mode.
2024-05-16 11:07:18 [main] INFO  o.s.d.r.c.RepositoryConfigurationDelegate - Finished Spring Data repository scanning in 96 ms. Found 2 JPA repository interfaces.
2024-05-16 11:07:19 [main] INFO  o.s.b.w.e.tomcat.TomcatWebServer - Tomcat initialized with port 9595 (http)
2024-05-16 11:07:19 [main] INFO  o.a.catalina.core.StandardService - Starting service [Tomcat]
2024-05-16 11:07:19 [main] INFO  o.a.catalina.core.StandardEngine - Starting Servlet engine: [Apache Tomcat/10.1.18]
2024-05-16 11:07:20 [main] INFO  o.a.c.c.C.[Tomcat].[localhost].[/] - Initializing Spring embedded WebApplicationContext
2024-05-16 11:07:20 [main] INFO  o.s.b.w.s.c.ServletWebServerApplicationContext - Root WebApplicationContext: initialization completed in 4603 ms
2024-05-16 11:07:20 [main] INFO  o.h.jpa.internal.util.LogHelper - HHH000204: Processing PersistenceUnitInfo [name: default]
2024-05-16 11:07:20 [main] INFO  org.hibernate.Version - HHH000412: Hibernate ORM core version 6.4.1.Final
2024-05-16 11:07:20 [main] INFO  o.h.c.i.RegionFactoryInitiator - HHH000026: Second-level cache disabled
2024-05-16 11:07:22 [main] INFO  o.s.o.j.p.SpringPersistenceUnitInfo - No LoadTimeWeaver setup: ignoring JPA class transformer
2024-05-16 11:07:22 [main] INFO  com.zaxxer.hikari.HikariDataSource - HikariPool-1 - Starting...
2024-05-16 11:07:24 [main] INFO  com.zaxxer.hikari.pool.HikariPool - HikariPool-1 - Added connection com.mysql.cj.jdbc.ConnectionImpl@4bbf20d1
2024-05-16 11:07:24 [main] INFO  com.zaxxer.hikari.HikariDataSource - HikariPool-1 - Start completed.
2024-05-16 11:07:24 [main] WARN  org.hibernate.orm.deprecation - HHH90000025: MySQL8Dialect does not need to be specified explicitly using 'hibernate.dialect' (remove the property setting and it will be selected by default)
2024-05-16 11:07:24 [main] WARN  org.hibernate.orm.deprecation - HHH90000026: MySQL8Dialect has been deprecated; use org.hibernate.dialect.MySQLDialect instead
2024-05-16 11:07:26 [main] INFO  o.h.e.t.j.p.i.JtaPlatformInitiator - HHH000489: No JTA platform available (set 'hibernate.transaction.jta.platform' to enable JTA platform integration)
2024-05-16 11:07:26 [main] INFO  o.s.o.j.LocalContainerEntityManagerFactoryBean - Initialized JPA EntityManagerFactory for persistence unit 'default'
2024-05-16 11:07:26 [main] INFO  o.s.d.j.r.query.QueryEnhancerFactory - Hibernate is in classpath; If applicable, HQL parser will be used.
2024-05-16 11:07:27 [main] WARN  o.s.b.a.o.j.JpaBaseConfiguration$JpaWebConfiguration - spring.jpa.open-in-view is enabled by default. Therefore, database queries may be performed during view rendering. Explicitly configure spring.jpa.open-in-view to disable this warning
2024-05-16 11:07:28 [main] INFO  o.s.s.web.DefaultSecurityFilterChain - Will secure any request with [org.springframework.security.web.session.DisableEncodeUrlFilter@20c7a91d, org.springframework.security.web.context.request.async.WebAsyncManagerIntegrationFilter@2048255a, org.springframework.security.web.context.SecurityContextHolderFilter@7e9b68c5, org.springframework.security.web.header.HeaderWriterFilter@4e7bf371, org.springframework.web.filter.CorsFilter@7e00a43e, org.springframework.security.web.authentication.logout.LogoutFilter@70d61624, com.example.ProsePetal.Config.JwtAuthenticationFilter@324afa73, org.springframework.security.web.savedrequest.RequestCacheAwareFilter@3f04349b, org.springframework.security.web.servletapi.SecurityContextHolderAwareRequestFilter@14ca4b4d, org.springframework.security.web.authentication.AnonymousAuthenticationFilter@3f4b59fd, org.springframework.security.web.session.SessionManagementFilter@19dc9dda, org.springframework.security.web.access.ExceptionTranslationFilter@67fdc1e9, org.springframework.security.web.access.intercept.FilterSecurityInterceptor@3e94a6f6]
2024-05-16 11:07:28 [main] INFO  o.s.b.w.e.tomcat.TomcatWebServer - Tomcat started on port 9595 (http) with context path ''
2024-05-16 11:07:28 [main] INFO  c.e.ProsePetal.ProsePetalApplication - Started ProsePetalApplication in 14.046 seconds (process running for 21.614)
2024-05-16 11:24:10 [http-nio-9595-exec-1] INFO  o.a.c.c.C.[Tomcat].[localhost].[/] - Initializing Spring DispatcherServlet 'dispatcherServlet'
2024-05-16 11:24:10 [http-nio-9595-exec-1] INFO  o.s.web.servlet.DispatcherServlet - Initializing Servlet 'dispatcherServlet'
2024-05-16 11:24:10 [http-nio-9595-exec-1] INFO  o.s.web.servlet.DispatcherServlet - Completed initialization in 3 ms
2024-05-16 11:25:52 [SpringApplicationShutdownHook] INFO  o.s.o.j.LocalContainerEntityManagerFactoryBean - Closing JPA EntityManagerFactory for persistence unit 'default'
2024-05-16 11:25:52 [SpringApplicationShutdownHook] INFO  com.zaxxer.hikari.HikariDataSource - HikariPool-1 - Shutdown initiated...
2024-05-16 11:25:52 [SpringApplicationShutdownHook] INFO  com.zaxxer.hikari.HikariDataSource - HikariPool-1 - Shutdown completed.
